[06-Sep-2025 18:34:33 UTC] PHP Warning:  wp_update_plugins(): Произошла непредвиденная ошибка. Возможно, что-то не так с сайтом WordPress.org или с настройками вашего сервера. Если проблема не решится, обратитесь на <a href="https://ru.wordpress.org/support/forums/">форумы поддержки</a>. (Не удалось установить защищённое соединение с WordPress.org. Пожалуйста, свяжитесь с администратором сервера.) in /var/www/html/wp-includes/functions.php on line 6121
[06-Sep-2025 19:09:13 UTC] PHP Deprecated:  Optional parameter $depth declared before required parameter $output is implicitly treated as a required parameter in /var/www/html/wp-content/themes/ant-preserved/functions.php on line 86
[10-Sep-2025 03:49:03 UTC] PHP Deprecated:  Optional parameter $depth declared before required parameter $output is implicitly treated as a required parameter in /var/www/html/wp-content/themes/ant-preserved/functions.php on line 86
[10-Sep-2025 03:51:03 UTC] PHP Warning:  translations_api(): Произошла непредвиденная ошибка. Возможно, что-то не так с сайтом WordPress.org или с настройками вашего сервера. Если проблема не решится, обратитесь на <a href="https://ru.wordpress.org/support/forums/">форумы поддержки</a>. (Не удалось установить защищённое соединение с WordPress.org. Пожалуйста, свяжитесь с администратором сервера.) in /var/www/html/wp-includes/functions.php on line 6121
[10-Sep-2025 04:32:28 UTC] PHP Deprecated:  Optional parameter $depth declared before required parameter $output is implicitly treated as a required parameter in /var/www/html/wp-content/themes/ant-preserved/functions.php on line 86
[10-Sep-2025 17:01:12 UTC] PHP Deprecated:  Optional parameter $depth declared before required parameter $output is implicitly treated as a required parameter in /var/www/html/wp-content/themes/ant-preserved/functions.php on line 86
[10-Sep-2025 17:01:49 UTC] PHP Warning:  translations_api(): Произошла непредвиденная ошибка. Возможно, что-то не так с сайтом WordPress.org или с настройками вашего сервера. Если проблема не решится, обратитесь на <a href="https://ru.wordpress.org/support/forums/">форумы поддержки</a>. (Не удалось установить защищённое соединение с WordPress.org. Пожалуйста, свяжитесь с администратором сервера.) in /var/www/html/wp-includes/functions.php on line 6121
[10-Sep-2025 17:02:19 UTC] PHP Warning:  wp_version_check(): Произошла непредвиденная ошибка. Возможно, что-то не так с сайтом WordPress.org или с настройками вашего сервера. Если проблема не решится, обратитесь на <a href="https://ru.wordpress.org/support/forums/">форумы поддержки</a>. (Не удалось установить защищённое соединение с WordPress.org. Пожалуйста, свяжитесь с администратором сервера.) in /var/www/html/wp-includes/functions.php on line 6121
[10-Sep-2025 17:02:25 UTC] PHP Warning:  wp_update_plugins(): Произошла непредвиденная ошибка. Возможно, что-то не так с сайтом WordPress.org или с настройками вашего сервера. Если проблема не решится, обратитесь на <a href="https://ru.wordpress.org/support/forums/">форумы поддержки</a>. (Не удалось установить защищённое соединение с WordPress.org. Пожалуйста, свяжитесь с администратором сервера.) in /var/www/html/wp-includes/functions.php on line 6121
[10-Sep-2025 17:02:33 UTC] PHP Warning:  wp_update_themes(): Произошла непредвиденная ошибка. Возможно, что-то не так с сайтом WordPress.org или с настройками вашего сервера. Если проблема не решится, обратитесь на <a href="https://ru.wordpress.org/support/forums/">форумы поддержки</a>. (Не удалось установить защищённое соединение с WordPress.org. Пожалуйста, свяжитесь с администратором сервера.) in /var/www/html/wp-includes/functions.php on line 6121
[10-Sep-2025 17:03:07 UTC] PHP Warning:  wp_update_plugins(): Произошла непредвиденная ошибка. Возможно, что-то не так с сайтом WordPress.org или с настройками вашего сервера. Если проблема не решится, обратитесь на <a href="https://ru.wordpress.org/support/forums/">форумы поддержки</a>. (Не удалось установить защищённое соединение с WordPress.org. Пожалуйста, свяжитесь с администратором сервера.) in /var/www/html/wp-includes/functions.php on line 6121
[10-Sep-2025 17:04:02 UTC] PHP Warning:  Undefined array key "cc_rate" in /var/www/html/wp-content/plugins/credit-calculator/includes/products-cpt.php on line 36
[10-Sep-2025 17:04:02 UTC] PHP Warning:  Undefined array key "cc_min" in /var/www/html/wp-content/plugins/credit-calculator/includes/products-cpt.php on line 37
[10-Sep-2025 17:04:02 UTC] PHP Warning:  Undefined array key "cc_max" in /var/www/html/wp-content/plugins/credit-calculator/includes/products-cpt.php on line 38
[10-Sep-2025 17:04:18 UTC] PHP Warning:  Undefined array key "cc_rate" in /var/www/html/wp-content/plugins/credit-calculator/includes/products-cpt.php on line 36
[10-Sep-2025 17:04:18 UTC] PHP Warning:  Undefined array key "cc_min" in /var/www/html/wp-content/plugins/credit-calculator/includes/products-cpt.php on line 37
[10-Sep-2025 17:04:18 UTC] PHP Warning:  Undefined array key "cc_max" in /var/www/html/wp-content/plugins/credit-calculator/includes/products-cpt.php on line 38
[10-Sep-2025 17:10:52 UTC] PHP Warning:  Undefined array key "cc_rate" in /var/www/html/wp-content/plugins/credit-calculator/includes/products-cpt.php on line 36
[10-Sep-2025 17:10:52 UTC] PHP Warning:  Undefined array key "cc_min" in /var/www/html/wp-content/plugins/credit-calculator/includes/products-cpt.php on line 37
[10-Sep-2025 17:10:52 UTC] PHP Warning:  Undefined array key "cc_max" in /var/www/html/wp-content/plugins/credit-calculator/includes/products-cpt.php on line 38
[10-Sep-2025 17:14:52 UTC] PHP Warning:  Undefined array key "cc_rate" in /var/www/html/wp-content/plugins/credit-calculator/includes/products-cpt.php on line 36
[10-Sep-2025 17:14:52 UTC] PHP Warning:  Undefined array key "cc_min" in /var/www/html/wp-content/plugins/credit-calculator/includes/products-cpt.php on line 37
[10-Sep-2025 17:14:52 UTC] PHP Warning:  Undefined array key "cc_max" in /var/www/html/wp-content/plugins/credit-calculator/includes/products-cpt.php on line 38
[10-Sep-2025 17:15:01 UTC] PHP Warning:  Undefined array key "cc_rate" in /var/www/html/wp-content/plugins/credit-calculator/includes/products-cpt.php on line 36
[10-Sep-2025 17:15:01 UTC] PHP Warning:  Undefined array key "cc_min" in /var/www/html/wp-content/plugins/credit-calculator/includes/products-cpt.php on line 37
[10-Sep-2025 17:15:01 UTC] PHP Warning:  Undefined array key "cc_max" in /var/www/html/wp-content/plugins/credit-calculator/includes/products-cpt.php on line 38
[10-Sep-2025 17:18:28 UTC] PHP Warning:  Undefined array key "cc_rate" in /var/www/html/wp-content/plugins/credit-calculator/includes/products-cpt.php on line 41
[10-Sep-2025 17:18:28 UTC] PHP Warning:  Undefined array key "cc_min" in /var/www/html/wp-content/plugins/credit-calculator/includes/products-cpt.php on line 42
[10-Sep-2025 17:18:28 UTC] PHP Warning:  Undefined array key "cc_max" in /var/www/html/wp-content/plugins/credit-calculator/includes/products-cpt.php on line 43
[10-Sep-2025 17:18:36 UTC] PHP Warning:  Undefined array key "cc_rate" in /var/www/html/wp-content/plugins/credit-calculator/includes/products-cpt.php on line 41
[10-Sep-2025 17:18:36 UTC] PHP Warning:  Undefined array key "cc_min" in /var/www/html/wp-content/plugins/credit-calculator/includes/products-cpt.php on line 42
[10-Sep-2025 17:18:36 UTC] PHP Warning:  Undefined array key "cc_max" in /var/www/html/wp-content/plugins/credit-calculator/includes/products-cpt.php on line 43
[10-Sep-2025 17:18:50 UTC] PHP Warning:  Undefined array key "cc_rate" in /var/www/html/wp-content/plugins/credit-calculator/includes/products-cpt.php on line 41
[10-Sep-2025 17:18:50 UTC] PHP Warning:  Undefined array key "cc_min" in /var/www/html/wp-content/plugins/credit-calculator/includes/products-cpt.php on line 42
[10-Sep-2025 17:18:50 UTC] PHP Warning:  Undefined array key "cc_max" in /var/www/html/wp-content/plugins/credit-calculator/includes/products-cpt.php on line 43
[10-Sep-2025 17:19:03 UTC] PHP Warning:  Undefined array key "cc_rate" in /var/www/html/wp-content/plugins/credit-calculator/includes/products-cpt.php on line 41
[10-Sep-2025 17:19:03 UTC] PHP Warning:  Undefined array key "cc_min" in /var/www/html/wp-content/plugins/credit-calculator/includes/products-cpt.php on line 42
[10-Sep-2025 17:19:03 UTC] PHP Warning:  Undefined array key "cc_max" in /var/www/html/wp-content/plugins/credit-calculator/includes/products-cpt.php on line 43
[10-Sep-2025 17:19:12 UTC] PHP Warning:  Undefined array key "cc_rate" in /var/www/html/wp-content/plugins/credit-calculator/includes/products-cpt.php on line 41
[10-Sep-2025 17:19:12 UTC] PHP Warning:  Undefined array key "cc_min" in /var/www/html/wp-content/plugins/credit-calculator/includes/products-cpt.php on line 42
[10-Sep-2025 17:19:12 UTC] PHP Warning:  Undefined array key "cc_max" in /var/www/html/wp-content/plugins/credit-calculator/includes/products-cpt.php on line 43
[10-Sep-2025 17:19:23 UTC] PHP Warning:  Undefined array key "cc_rate" in /var/www/html/wp-content/plugins/credit-calculator/includes/products-cpt.php on line 41
[10-Sep-2025 17:19:23 UTC] PHP Warning:  Undefined array key "cc_min" in /var/www/html/wp-content/plugins/credit-calculator/includes/products-cpt.php on line 42
[10-Sep-2025 17:19:23 UTC] PHP Warning:  Undefined array key "cc_max" in /var/www/html/wp-content/plugins/credit-calculator/includes/products-cpt.php on line 43
[10-Sep-2025 17:42:26 UTC] PHP Warning:  Undefined array key "cc_rate" in /var/www/html/wp-content/plugins/credit-calculator/includes/products-cpt.php on line 66
[10-Sep-2025 17:42:26 UTC] PHP Warning:  Undefined array key "cc_min" in /var/www/html/wp-content/plugins/credit-calculator/includes/products-cpt.php on line 67
[10-Sep-2025 17:42:26 UTC] PHP Warning:  Undefined array key "cc_max" in /var/www/html/wp-content/plugins/credit-calculator/includes/products-cpt.php on line 68
[10-Sep-2025 17:42:26 UTC] PHP Warning:  Undefined array key "cc_term_min" in /var/www/html/wp-content/plugins/credit-calculator/includes/products-cpt.php on line 69
[10-Sep-2025 17:42:26 UTC] PHP Warning:  Undefined array key "cc_term_max" in /var/www/html/wp-content/plugins/credit-calculator/includes/products-cpt.php on line 70
